1648996256378:a
1648996258561:s
1648996259529:a
1648996261042:s
1648996266707:help
1648996808693:start-testing
1648997035523:help
1648997158843:s
1648997171493:sta
1648997179074:start-test
1648997189772:start-testing
1648997226978:start-test
1648998187315:help
1648998196317:e
1648998212793:e Andrey
1648998219311:s
1648998876638:e
1648998891553:s
1648998923723:e
1648998936251:e andrey
1648998938463:s
1648999078260:help
1648999154066:s
1648999159776:e
1648999173006:e Андрюха
1648999176704:s
1649005332258:e
1649005340909:e andrey
1649005343504:s
1649037988993:e
1649037994005:e Andrey
1649037997520:s
1649043462532:e
1649043465413:e aaa
1649043467982:2
1649043471958:s
1649047566192:ss
1649047568532:help
1649047583576:e Andrey
1649047585925:s
1649047894211:help
1649047901082:s
1649047908868:e
1649047916446:e Андрей
1649047925038:s
1649048031174:help
1649048040985:e aaa
1649048042607:s
1649048051027:exit
